<?xml version="1.0" encoding="UTF-8"?>
<testng-results ignored="0" total="1" passed="1" failed="0" skipped="0">
  <reporter-output>
  </reporter-output>
  <suite started-at="2026-03-08T12:41:15 IST" name="Default suite" finished-at="2026-03-08T12:41:31 IST" duration-ms="15763">
    <groups>
    </groups>
    <test started-at="2026-03-08T12:41:15 IST" name="Default test" finished-at="2026-03-08T12:41:31 IST" duration-ms="15763">
      <class name="tests.GUITest">
        <test-method is-config="true" signature="setup()[pri:0, instance:tests.GUITest@44c03695]" started-at="2026-03-08T12:41:15 IST" name="setup" finished-at="2026-03-08T12:41:29 IST" duration-ms="14598" status="PASS">
          <reporter-output>
          </reporter-output>
        </test-method> <!-- setup -->
        <test-method signature="fillForm()[pri:0, instance:tests.GUITest@44c03695]" started-at="2026-03-08T12:41:29 IST" name="fillForm" finished-at="2026-03-08T12:41:30 IST" duration-ms="772" status="PASS">
          <reporter-output>
          </reporter-output>
        </test-method> <!-- fillForm -->
        <test-method is-config="true" signature="tearDown()[pri:0, instance:tests.GUITest@44c03695]" started-at="2026-03-08T12:41:30 IST" name="tearDown" finished-at="2026-03-08T12:41:31 IST" duration-ms="323" status="PASS">
          <reporter-output>
          </reporter-output>
        </test-method> <!-- tearDown -->
      </class> <!-- tests.GUITest -->
    </test> <!-- Default test -->
  </suite> <!-- Default suite -->
</testng-results>
