<?xml version="1.0" encoding="UTF-8"?>
<testng-results ignored="0" total="1" passed="1" failed="0" skipped="0">
  <reporter-output>
  </reporter-output>
  <suite started-at="2026-02-27T10:53:34 IST" name="AutomationSuite" finished-at="2026-02-27T10:53:42 IST" duration-ms="7677">
    <groups>
    </groups>
    <test started-at="2026-02-27T10:53:34 IST" name="GoogleTest" finished-at="2026-02-27T10:53:42 IST" duration-ms="7677">
      <class name="tests.GoogleTest">
        <test-method is-config="true" signature="setup()[pri:0, instance:tests.GoogleTest@636be97c]" started-at="2026-02-27T10:53:34 IST" name="setup" finished-at="2026-02-27T10:53:42 IST" duration-ms="7438" status="PASS">
          <reporter-output>
          </reporter-output>
        </test-method> <!-- setup -->
        <test-method signature="verifyGoogleTitle()[pri:0, instance:tests.GoogleTest@636be97c]" started-at="2026-02-27T10:53:42 IST" name="verifyGoogleTitle" finished-at="2026-02-27T10:53:42 IST" duration-ms="20" status="PASS">
          <reporter-output>
          </reporter-output>
        </test-method> <!-- verifyGoogleTitle -->
        <test-method is-config="true" signature="tearDown()[pri:0, instance:tests.GoogleTest@636be97c]" started-at="2026-02-27T10:53:42 IST" name="tearDown" finished-at="2026-02-27T10:53:42 IST" duration-ms="164" status="PASS">
          <reporter-output>
          </reporter-output>
        </test-method> <!-- tearDown -->
      </class> <!-- tests.GoogleTest -->
    </test> <!-- GoogleTest -->
  </suite> <!-- AutomationSuite -->
</testng-results>
