<?xml version="1.0" encoding="UTF-8"?>
<!-- Generated by org.testng.reporters.JUnitReportReporter -->
<testsuite hostname="LAPTOP-KN3E51F9" failures="0" tests="3" name="tests.GUITest" time="25.509" errors="0" timestamp="2026-03-10T11:05:10 IST" skipped="0">
  <testcase classname="tests.GUITest" name="testForm" time="12.150"/>
  <testcase classname="tests.GUITest" name="testForm" time="4.677"/>
  <testcase classname="tests.GUITest" name="testForm" time="8.682"/>
</testsuite> <!-- tests.GUITest -->
