<?xml version="1.0" encoding="UTF-8"?>
<!-- Generated by org.testng.reporters.JUnitXMLReporter -->
<testsuite ignored="0" hostname="LAPTOP-KN3E51F9" failures="1" tests="1" name="Surefire test" time="0.031" errors="0" timestamp="2026-02-27T17:37:43 IST">
  <testcase classname="tests.LoginTest" name="loginTest" time="0.0">
    <failure type="java.lang.RuntimeException" message="java.io.FileNotFoundException: src\test\resources\testdata\LoginData.xlsx (The system cannot find the file specified)">
      <![CDATA[java.lang.RuntimeException: java.io.FileNotFoundException: src\test\resources\testdata\LoginData.xlsx (The system cannot find the file specified)
at java.base/java.util.ArrayList.forEach(ArrayList.java:1511)
Caused by: java.io.FileNotFoundException: src\test\resources\testdata\LoginData.xlsx (The system cannot find the file specified)
at java.base/java.io.FileInputStream.open0(Native Method)
at java.base/java.io.FileInputStream.open(FileInputStream.java:216)
at java.base/java.io.FileInputStream.<init>(FileInputStream.java:157)
at java.base/java.io.FileInputStream.<init>(FileInputStream.java:111)
at utils.ExcelUtil.getTestData(ExcelUtil.java:11)
at tests.LoginTest.getData(LoginTest.java:15)
... 30 more
... Removed 37 stack frames]]>
    </failure>
  </testcase> <!-- loginTest -->
</testsuite> <!-- Surefire test -->
