<?xml version="1.0" encoding="UTF-8"?>
<!-- Generated by org.testng.reporters.JUnitXMLReporter -->
<testsuite ignored="0" hostname="LAPTOP-KN3E51F9" failures="0" tests="4" name="Surefire test" time="11.009" errors="0" timestamp="2026-02-27T13:01:00 IST">
  <testcase classname="tests.LoginTest" name="loginTest" time="0.408"/>
  <testcase classname="tests.LoginTest" name="loginTest" time="0.384"/>
  <testcase classname="tests.LoginTest" name="loginTest" time="0.315"/>
  <testcase classname="tests.LoginTest" name="loginTest" time="0.354"/>
</testsuite> <!-- Surefire test -->
