<?xml version="1.0" encoding="UTF-8"?>
<testng-results ignored="0" total="4" passed="4" failed="0" skipped="0">
  <reporter-output>
  </reporter-output>
  <suite started-at="2026-02-27T13:00:49 IST" name="Surefire suite" finished-at="2026-02-27T13:01:00 IST" duration-ms="11009">
    <groups>
    </groups>
    <test started-at="2026-02-27T13:00:49 IST" name="Surefire test" finished-at="2026-02-27T13:01:00 IST" duration-ms="11009">
      <class name="tests.LoginTest">
        <test-method is-config="true" signature="setupEnv()[pri:0, instance:tests.LoginTest@4b5a5ed1]" started-at="2026-02-27T13:00:49 IST" name="setupEnv" finished-at="2026-02-27T13:00:49 IST" duration-ms="12" status="PASS">
          <reporter-output>
          </reporter-output>
        </test-method> <!-- setupEnv -->
        <test-method is-config="true" signature="setup()[pri:0, instance:tests.LoginTest@4b5a5ed1]" started-at="2026-02-27T13:00:49 IST" name="setup" finished-at="2026-02-27T13:00:53 IST" duration-ms="4311" status="PASS">
          <reporter-output>
          </reporter-output>
        </test-method> <!-- setup -->
        <test-method signature="loginTest(java.lang.String,java.lang.String,java.lang.String)[pri:0, instance:tests.LoginTest@4b5a5ed1]" started-at="2026-02-27T13:00:53 IST" name="loginTest" data-provider="loginData" finished-at="2026-02-27T13:00:54 IST" duration-ms="408" status="PASS">
          <params>
            <param index="0">
              <value>
                <![CDATA[standard_user]]>
              </value>
            </param>
            <param index="1">
              <value>
                <![CDATA[secret_sauce]]>
              </value>
            </param>
            <param index="2">
              <value>
                <![CDATA[success]]>
              </value>
            </param>
          </params>
          <reporter-output>
          </reporter-output>
        </test-method> <!-- loginTest -->
        <test-method is-config="true" signature="tearDown()[pri:0, instance:tests.LoginTest@4b5a5ed1]" started-at="2026-02-27T13:00:54 IST" name="tearDown" finished-at="2026-02-27T13:00:54 IST" duration-ms="204" status="PASS">
          <reporter-output>
          </reporter-output>
        </test-method> <!-- tearDown -->
        <test-method is-config="true" signature="setup()[pri:0, instance:tests.LoginTest@4b5a5ed1]" started-at="2026-02-27T13:00:54 IST" name="setup" finished-at="2026-02-27T13:00:55 IST" duration-ms="1522" status="PASS">
          <reporter-output>
          </reporter-output>
        </test-method> <!-- setup -->
        <test-method signature="loginTest(java.lang.String,java.lang.String,java.lang.String)[pri:0, instance:tests.LoginTest@4b5a5ed1]" started-at="2026-02-27T13:00:55 IST" name="loginTest" data-provider="loginData" finished-at="2026-02-27T13:00:56 IST" duration-ms="384" status="PASS">
          <params>
            <param index="0">
              <value>
                <![CDATA[standard_user]]>
              </value>
            </param>
            <param index="1">
              <value>
                <![CDATA[wrongpass]]>
              </value>
            </param>
            <param index="2">
              <value>
                <![CDATA[error]]>
              </value>
            </param>
          </params>
          <reporter-output>
          </reporter-output>
        </test-method> <!-- loginTest -->
        <test-method is-config="true" signature="tearDown()[pri:0, instance:tests.LoginTest@4b5a5ed1]" started-at="2026-02-27T13:00:56 IST" name="tearDown" finished-at="2026-02-27T13:00:56 IST" duration-ms="128" status="PASS">
          <reporter-output>
          </reporter-output>
        </test-method> <!-- tearDown -->
        <test-method is-config="true" signature="setup()[pri:0, instance:tests.LoginTest@4b5a5ed1]" started-at="2026-02-27T13:00:56 IST" name="setup" finished-at="2026-02-27T13:00:58 IST" duration-ms="1536" status="PASS">
          <reporter-output>
          </reporter-output>
        </test-method> <!-- setup -->
        <test-method signature="loginTest(java.lang.String,java.lang.String,java.lang.String)[pri:0, instance:tests.LoginTest@4b5a5ed1]" started-at="2026-02-27T13:00:58 IST" name="loginTest" data-provider="loginData" finished-at="2026-02-27T13:00:58 IST" duration-ms="315" status="PASS">
          <params>
            <param index="0">
              <value>
                <![CDATA[wronguser]]>
              </value>
            </param>
            <param index="1">
              <value>
                <![CDATA[secret_sauce]]>
              </value>
            </param>
            <param index="2">
              <value>
                <![CDATA[error]]>
              </value>
            </param>
          </params>
          <reporter-output>
          </reporter-output>
        </test-method> <!-- loginTest -->
        <test-method is-config="true" signature="tearDown()[pri:0, instance:tests.LoginTest@4b5a5ed1]" started-at="2026-02-27T13:00:58 IST" name="tearDown" finished-at="2026-02-27T13:00:58 IST" duration-ms="138" status="PASS">
          <reporter-output>
          </reporter-output>
        </test-method> <!-- tearDown -->
        <test-method is-config="true" signature="setup()[pri:0, instance:tests.LoginTest@4b5a5ed1]" started-at="2026-02-27T13:00:58 IST" name="setup" finished-at="2026-02-27T13:00:59 IST" duration-ms="1495" status="PASS">
          <reporter-output>
          </reporter-output>
        </test-method> <!-- setup -->
        <test-method signature="loginTest(java.lang.String,java.lang.String,java.lang.String)[pri:0, instance:tests.LoginTest@4b5a5ed1]" started-at="2026-02-27T13:00:59 IST" name="loginTest" data-provider="loginData" finished-at="2026-02-27T13:01:00 IST" duration-ms="354" status="PASS">
          <params>
            <param index="0">
              <value>
                <![CDATA[]]>
              </value>
            </param>
            <param index="1">
              <value>
                <![CDATA[]]>
              </value>
            </param>
            <param index="2">
              <value>
                <![CDATA[empty]]>
              </value>
            </param>
          </params>
          <reporter-output>
          </reporter-output>
        </test-method> <!-- loginTest -->
        <test-method is-config="true" signature="tearDown()[pri:0, instance:tests.LoginTest@4b5a5ed1]" started-at="2026-02-27T13:01:00 IST" name="tearDown" finished-at="2026-02-27T13:01:00 IST" duration-ms="148" status="PASS">
          <reporter-output>
          </reporter-output>
        </test-method> <!-- tearDown -->
      </class> <!-- tests.LoginTest -->
    </test> <!-- Surefire test -->
  </suite> <!-- Surefire suite -->
</testng-results>
