<?xml version="1.0" encoding="UTF-8"?>
<!-- Generated by org.testng.reporters.JUnitXMLReporter -->
<testsuite ignored="0" hostname="LAPTOP-KN3E51F9" failures="1" tests="1" name="FormTest" time="1.076" errors="0" timestamp="2026-03-10T10:23:13 IST">
  <testcase classname="tests.GUITest" name="testForm" time="1.025">
    <failure type="org.testng.internal.reflect.MethodMatcherException" message="
[public void tests.GUITest.testForm(java.lang.String,java.lang.String,java.lang.String,java.lang.String,java.lang.String,java.lang.String,java.lang.String,java.lang.String)] has no parameters defined but was found to be using a data provider (either explicitly specified or inherited from class level annotation).
Data provider mismatch
Method: testForm([java.lang.String arg0, java.lang.String arg1, java.lang.String arg2, java.lang.String arg3, java.lang.String arg4, java.lang.String arg5, java.lang.String arg6, java.lang.String arg7])
Arguments: [(java.lang.String) Tanushree,(java.lang.String) tanushree@gmail.com]">
      <![CDATA[org.testng.internal.reflect.MethodMatcherException: 
[public void tests.GUITest.testForm(java.lang.String,java.lang.String,java.lang.String,java.lang.String,java.lang.String,java.lang.String,java.lang.String,java.lang.String)] has no parameters defined but was found to be using a data provider (either explicitly specified or inherited from class level annotation).
Data provider mismatch
Method: testForm([java.lang.String arg0, java.lang.String arg1, java.lang.String arg2, java.lang.String arg3, java.lang.String arg4, java.lang.String arg5, java.lang.String arg6, java.lang.String arg7])
Arguments: [(java.lang.String) Tanushree,(java.lang.String) tanushree@gmail.com]
at java.base/java.util.ArrayList.forEach(ArrayList.java:1511)
... Removed 22 stack frames]]>
    </failure>
  </testcase> <!-- testForm -->
</testsuite> <!-- FormTest -->
