<?xml version="1.0" encoding="UTF-8"?>
<testng-results ignored="0" total="3" passed="3" failed="0" skipped="0">
  <reporter-output>
  </reporter-output>
  <suite started-at="2026-03-10T11:04:43 IST" name="Surefire suite" finished-at="2026-03-10T11:05:10 IST" duration-ms="26585">
    <groups>
    </groups>
    <test started-at="2026-03-10T11:04:43 IST" name="Surefire test" finished-at="2026-03-10T11:05:10 IST" duration-ms="26585">
      <class name="tests.GUITest">
        <test-method is-config="true" signature="setup()[pri:0, instance:tests.GUITest@2f177a4b]" started-at="2026-03-10T11:04:44 IST" name="setup" finished-at="2026-03-10T11:04:51 IST" duration-ms="6158" status="PASS">
          <reporter-output>
          </reporter-output>
        </test-method> <!-- setup -->
        <test-method signature="testForm(java.lang.String,java.lang.String,java.lang.String,java.lang.String,java.lang.String,java.lang.String,java.lang.String,java.lang.String)[pri:0, instance:tests.GUITest@2f177a4b]" started-at="2026-03-10T11:04:51 IST" name="testForm" data-provider="formData" finished-at="2026-03-10T11:04:53 IST" duration-ms="2372" status="PASS">
          <params>
            <param index="0">
              <value>
                <![CDATA[Tanushree]]>
              </value>
            </param>
            <param index="1">
              <value>
                <![CDATA[anjanatanushree@gmail.com]]>
              </value>
            </param>
            <param index="2">
              <value>
                <![CDATA[7.47045901E9]]>
              </value>
            </param>
            <param index="3">
              <value>
                <![CDATA[Pune]]>
              </value>
            </param>
            <param index="4">
              <value>
                <![CDATA[Female]]>
              </value>
            </param>
            <param index="5">
              <value>
                <![CDATA[Tuesday]]>
              </value>
            </param>
            <param index="6">
              <value>
                <![CDATA[India]]>
              </value>
            </param>
            <param index="7">
              <value>
                <![CDATA[Red]]>
              </value>
            </param>
          </params>
          <reporter-output>
          </reporter-output>
        </test-method> <!-- testForm -->
        <test-method is-config="true" signature="tearDown()[pri:0, instance:tests.GUITest@2f177a4b]" started-at="2026-03-10T11:04:53 IST" name="tearDown" finished-at="2026-03-10T11:04:53 IST" duration-ms="322" status="PASS">
          <reporter-output>
          </reporter-output>
        </test-method> <!-- tearDown -->
        <test-method is-config="true" signature="setup()[pri:0, instance:tests.GUITest@2f177a4b]" started-at="2026-03-10T11:04:53 IST" name="setup" finished-at="2026-03-10T11:05:00 IST" duration-ms="6598" status="PASS">
          <reporter-output>
          </reporter-output>
        </test-method> <!-- setup -->
        <test-method signature="testForm(java.lang.String,java.lang.String,java.lang.String,java.lang.String,java.lang.String,java.lang.String,java.lang.String,java.lang.String)[pri:0, instance:tests.GUITest@2f177a4b]" started-at="2026-03-10T11:05:00 IST" name="testForm" data-provider="formData" finished-at="2026-03-10T11:05:02 IST" duration-ms="2193" status="PASS">
          <params>
            <param index="0">
              <value>
                <![CDATA[Teesa]]>
              </value>
            </param>
            <param index="1">
              <value>
                <![CDATA[tanu@gmail.com]]>
              </value>
            </param>
            <param index="2">
              <value>
                <![CDATA[9.630353751E9]]>
              </value>
            </param>
            <param index="3">
              <value>
                <![CDATA[Mumbai]]>
              </value>
            </param>
            <param index="4">
              <value>
                <![CDATA[Female]]>
              </value>
            </param>
            <param index="5">
              <value>
                <![CDATA[Monday]]>
              </value>
            </param>
            <param index="6">
              <value>
                <![CDATA[India]]>
              </value>
            </param>
            <param index="7">
              <value>
                <![CDATA[Blue]]>
              </value>
            </param>
          </params>
          <reporter-output>
          </reporter-output>
        </test-method> <!-- testForm -->
        <test-method is-config="true" signature="tearDown()[pri:0, instance:tests.GUITest@2f177a4b]" started-at="2026-03-10T11:05:02 IST" name="tearDown" finished-at="2026-03-10T11:05:02 IST" duration-ms="331" status="PASS">
          <reporter-output>
          </reporter-output>
        </test-method> <!-- tearDown -->
        <test-method is-config="true" signature="setup()[pri:0, instance:tests.GUITest@2f177a4b]" started-at="2026-03-10T11:05:02 IST" name="setup" finished-at="2026-03-10T11:05:04 IST" duration-ms="1944" status="PASS">
          <reporter-output>
          </reporter-output>
        </test-method> <!-- setup -->
        <test-method signature="testForm(java.lang.String,java.lang.String,java.lang.String,java.lang.String,java.lang.String,java.lang.String,java.lang.String,java.lang.String)[pri:0, instance:tests.GUITest@2f177a4b]" started-at="2026-03-10T11:05:04 IST" name="testForm" data-provider="formData" finished-at="2026-03-10T11:05:10 IST" duration-ms="5230" status="PASS">
          <params>
            <param index="0">
              <value>
                <![CDATA[Ajay]]>
              </value>
            </param>
            <param index="1">
              <value>
                <![CDATA[ajay@gmail.com]]>
              </value>
            </param>
            <param index="2">
              <value>
                <![CDATA[9.977464586E9]]>
              </value>
            </param>
            <param index="3">
              <value>
                <![CDATA[Indore]]>
              </value>
            </param>
            <param index="4">
              <value>
                <![CDATA[Male]]>
              </value>
            </param>
            <param index="5">
              <value>
                <![CDATA[Tuesday]]>
              </value>
            </param>
            <param index="6">
              <value>
                <![CDATA[India]]>
              </value>
            </param>
            <param index="7">
              <value>
                <![CDATA[Red]]>
              </value>
            </param>
          </params>
          <reporter-output>
          </reporter-output>
        </test-method> <!-- testForm -->
        <test-method is-config="true" signature="tearDown()[pri:0, instance:tests.GUITest@2f177a4b]" started-at="2026-03-10T11:05:10 IST" name="tearDown" finished-at="2026-03-10T11:05:10 IST" duration-ms="361" status="PASS">
          <reporter-output>
          </reporter-output>
        </test-method> <!-- tearDown -->
      </class> <!-- tests.GUITest -->
    </test> <!-- Surefire test -->
  </suite> <!-- Surefire suite -->
</testng-results>
