<?xml version="1.0" encoding="UTF-8"?>
<!-- Generated by org.testng.reporters.JUnitXMLReporter -->
<testsuite ignored="0" hostname="LAPTOP-KN3E51F9" failures="0" tests="3" name="Surefire test" time="26.585" errors="0" timestamp="2026-03-10T11:05:10 IST">
  <testcase classname="tests.GUITest" name="testForm" time="2.372"/>
  <testcase classname="tests.GUITest" name="testForm" time="2.193"/>
  <testcase classname="tests.GUITest" name="testForm" time="5.23"/>
</testsuite> <!-- Surefire test -->
