<?xml version="1.0" encoding="UTF-8"?>
<!-- Generated by org.testng.reporters.JUnitReportReporter -->
<testsuite hostname="LAPTOP-KN3E51F9" failures="0" tests="4" name="tests.LoginTest" time="10.943" errors="0" timestamp="2026-02-27T13:01:00 IST" skipped="0">
  <testcase classname="tests.LoginTest" name="loginTest" time="2.004"/>
  <testcase classname="tests.LoginTest" name="loginTest" time="2.107"/>
  <testcase classname="tests.LoginTest" name="loginTest" time="4.774"/>
  <testcase classname="tests.LoginTest" name="loginTest" time="2.058"/>
</testsuite> <!-- tests.LoginTest -->
